Build started 11/30/2015 9:21:33 AM.
     1>Project "D:\Visual Studio n other docs\Visual Studio 2012\Projects\DSA\hometasks\Ammara Stack\Ammara Stack\Ammara Stack.vcxproj" on node 2 (Build target(s)).
     1>ClCompile:
         C:\Program Files (x86)\Microsoft Visual Studio 11.0\VC\bin\CL.exe /c /ZI /nologo /W3 /WX- /Od /Oy- /D WIN32 /D _DEBUG /D _CONSOLE /D _UNICODE /D UNICODE /Gm /EHsc /RTC1 /MDd /GS /fp:precise /Zc:wchar_t /Zc:forScope /Fo"Debug\\" /Fd"Debug\vc110.pdb" /Gd /TP /analyze- /errorReport:prompt Source.cpp
         Source.cpp
     1>d:\visual studio n other docs\visual studio 2012\projects\dsa\hometasks\ammara stack\ammara stack\source.cpp(22): warning C4996: 'strtok': This function or variable may be unsafe. Consider using strtok_s instead. To disable deprecation, use _CRT_SECURE_NO_WARNINGS. See online help for details.
                 c:\program files (x86)\microsoft visual studio 11.0\vc\include\string.h(200) : see declaration of 'strtok'
     1>d:\visual studio n other docs\visual studio 2012\projects\dsa\hometasks\ammara stack\ammara stack\source.cpp(28): warning C4996: 'strtok': This function or variable may be unsafe. Consider using strtok_s instead. To disable deprecation, use _CRT_SECURE_NO_WARNINGS. See online help for details.
                 c:\program files (x86)\microsoft visual studio 11.0\vc\include\string.h(200) : see declaration of 'strtok'
     1>d:\visual studio n other docs\visual studio 2012\projects\dsa\hometasks\ammara stack\ammara stack\source.cpp(70): warning C4244: 'argument' : conversion from 'double' to 'int', possible loss of data
     1>d:\visual studio n other docs\visual studio 2012\projects\dsa\hometasks\ammara stack\ammara stack\source.cpp(77): warning C4996: 'strtok': This function or variable may be unsafe. Consider using strtok_s instead. To disable deprecation, use _CRT_SECURE_NO_WARNINGS. See online help for details.
                 c:\program files (x86)\microsoft visual studio 11.0\vc\include\string.h(200) : see declaration of 'strtok'
       Link:
         C:\Program Files (x86)\Microsoft Visual Studio 11.0\VC\bin\link.exe /ERRORREPORT:PROMPT /OUT:"D:\Visual Studio n other docs\Visual Studio 2012\Projects\DSA\hometasks\Ammara Stack\Ammara Stack\Debug\Ammara Stack.exe" /INCREMENTAL /NOLOGO kernel32.lib user32.lib gdi32.lib winspool.lib comdlg32.lib advapi32.lib shell32.lib ole32.lib oleaut32.lib uuid.lib odbc32.lib odbccp32.lib /MANIFEST /MANIFESTUAC:"level='asInvoker' uiAccess='false'" /manifest:embed /DEBUG /PDB:"D:\Visual Studio n other docs\Visual Studio 2012\Projects\DSA\hometasks\Ammara Stack\Ammara Stack\Debug\Ammara Stack.pdb" /SUBSYSTEM:CONSOLE /TLBID:1 /DYNAMICBASE /NXCOMPAT /IMPLIB:"D:\Visual Studio n other docs\Visual Studio 2012\Projects\DSA\hometasks\Ammara Stack\Ammara Stack\Debug\Ammara Stack.lib" /MACHINE:X86 Debug\driver.obj
         Debug\Source.obj
         Debug\Source1.obj
         Debug\Stack.obj
         Ammara Stack.vcxproj -> D:\Visual Studio n other docs\Visual Studio 2012\Projects\DSA\hometasks\Ammara Stack\Ammara Stack\Debug\Ammara Stack.exe
     1>Done Building Project "D:\Visual Studio n other docs\Visual Studio 2012\Projects\DSA\hometasks\Ammara Stack\Ammara Stack\Ammara Stack.vcxproj" (Build target(s)).

Build succeeded.

Time Elapsed 00:00:03.58
