D:\VISUAL STUDIO N OTHER DOCS\VISUAL STUDIO 2012\PROJECTS\DSA\LECTURE 2 SORTED LIST\LECTURE 2 SORTED LIST\DEBUG\DRIVER.OBJ
D:\VISUAL STUDIO N OTHER DOCS\VISUAL STUDIO 2012\PROJECTS\DSA\LECTURE 2 SORTED LIST\LECTURE 2 SORTED LIST\DEBUG\VC110.PDB
D:\VISUAL STUDIO N OTHER DOCS\VISUAL STUDIO 2012\PROJECTS\DSA\LECTURE 2 SORTED LIST\LECTURE 2 SORTED LIST\DEBUG\SORTEDLIST.OBJ
D:\VISUAL STUDIO N OTHER DOCS\VISUAL STUDIO 2012\PROJECTS\DSA\LECTURE 2 SORTED LIST\DEBUG\LECTURE 2 SORTED LIST.ILK
D:\VISUAL STUDIO N OTHER DOCS\VISUAL STUDIO 2012\PROJECTS\DSA\LECTURE 2 SORTED LIST\DEBUG\LECTURE 2 SORTED LIST.EXE
D:\VISUAL STUDIO N OTHER DOCS\VISUAL STUDIO 2012\PROJECTS\DSA\LECTURE 2 SORTED LIST\DEBUG\LECTURE 2 SORTED LIST.PDB
D:\Visual Studio n other docs\Visual Studio 2012\Projects\DSA\Lecture 2 Sorted List\Lecture 2 Sorted List\Debug\driver.obj
D:\Visual Studio n other docs\Visual Studio 2012\Projects\DSA\Lecture 2 Sorted List\Lecture 2 Sorted List\Debug\SortedList.obj
D:\Visual Studio n other docs\Visual Studio 2012\Projects\DSA\Lecture 2 Sorted List\Lecture 2 Sorted List\Debug\cl.command.1.tlog
D:\Visual Studio n other docs\Visual Studio 2012\Projects\DSA\Lecture 2 Sorted List\Lecture 2 Sorted List\Debug\CL.read.1.tlog
D:\Visual Studio n other docs\Visual Studio 2012\Projects\DSA\Lecture 2 Sorted List\Lecture 2 Sorted List\Debug\CL.write.1.tlog
D:\Visual Studio n other docs\Visual Studio 2012\Projects\DSA\Lecture 2 Sorted List\Lecture 2 Sorted List\Debug\link-cvtres.read.1.tlog
D:\Visual Studio n other docs\Visual Studio 2012\Projects\DSA\Lecture 2 Sorted List\Lecture 2 Sorted List\Debug\link-cvtres.write.1.tlog
D:\Visual Studio n other docs\Visual Studio 2012\Projects\DSA\Lecture 2 Sorted List\Lecture 2 Sorted List\Debug\link-rc.read.1.tlog
D:\Visual Studio n other docs\Visual Studio 2012\Projects\DSA\Lecture 2 Sorted List\Lecture 2 Sorted List\Debug\link-rc.write.1.tlog
D:\Visual Studio n other docs\Visual Studio 2012\Projects\DSA\Lecture 2 Sorted List\Lecture 2 Sorted List\Debug\link.command.1.tlog
D:\Visual Studio n other docs\Visual Studio 2012\Projects\DSA\Lecture 2 Sorted List\Lecture 2 Sorted List\Debug\link.read.1.tlog
D:\Visual Studio n other docs\Visual Studio 2012\Projects\DSA\Lecture 2 Sorted List\Lecture 2 Sorted List\Debug\link.write.1.tlog
D:\Visual Studio n other docs\Visual Studio 2012\Projects\DSA\Lecture 2 Sorted List\Lecture 2 Sorted List\Debug\vc110.idb
D:\Visual Studio n other docs\Visual Studio 2012\Projects\DSA\Lecture 2 Sorted List\Lecture 2 Sorted List\Debug\vc110.pdb
D:\Visual Studio n other docs\Visual Studio 2012\Projects\DSA\Lecture 2 Sorted List\Debug\Lecture 2 Sorted List.pdb
D:\Visual Studio n other docs\Visual Studio 2012\Projects\DSA\Lecture 2 Sorted List\Debug\Lecture 2 Sorted List.exe
D:\Visual Studio n other docs\Visual Studio 2012\Projects\DSA\Lecture 2 Sorted List\Debug\Lecture 2 Sorted List.ilk
